Removed Pin From Net: NetName=VBAT Pin=RC5-1
Removed Pin From Net: NetName=VBAT Pin=RC6-1
Removed Pin From Net: NetName=GND Pin=RC6-2
Removed Pin From Net: NetName=VCC Pin=RC7-1
Removed Pin From Net: NetName=GND Pin=RC7-2
Removed Pin From Net: NetName=VBAT Pin=RC8-1
Removed Pin From Net: NetName=GND Pin=RC8-2
Removed Pin From Net: NetName=VCC Pin=RC9-1
Removed Pin From Net: NetName=GND Pin=RC9-2
Removed Pin From Net: NetName=GND Pin=RD2-1
Removed Pin From Net: NetName=VCC Pin=REG1-1
Removed Pin From Net: NetName=GND Pin=REG1-3
Removed Pin From Net: NetName=GND Pin=REG1-5
Removed Pin From Net: NetName=GND Pin=REG1-6
Removed Pin From Net: NetName=VBAT Pin=RL1-2
Removed Pin From Net: NetName=VBAT Pin=RR2-1
Removed Pin From Net: NetName=GND Pin=RR4-1
Removed Member From Class: ClassName=Bemine-neo_SCH Member=RC5
Removed Member From Class: ClassName=Bemine-neo_SCH Member=RC6
Removed Member From Class: ClassName=Bemine-neo_SCH Member=RC7
Removed Member From Class: ClassName=Bemine-neo_SCH Member=RC8
Removed Member From Class: ClassName=Bemine-neo_SCH Member=RC9
Removed Member From Class: ClassName=Bemine-neo_SCH Member=RD2
Removed Member From Class: ClassName=Bemine-neo_SCH Member=REG1
Removed Member From Class: ClassName=Bemine-neo_SCH Member=RL1
Removed Member From Class: ClassName=Bemine-neo_SCH Member=RR2
Removed Member From Class: ClassName=Bemine-neo_SCH Member=RR3
Removed Member From Class: ClassName=Bemine-neo_SCH Member=RR4
