Removed Pin From Net: NetName=GND Pin=GC1-1
Removed Pin From Net: NetName=GND Pin=GC2-1
Removed Pin From Net: NetName=GND Pin=GC3-1
Removed Pin From Net: NetName=NetGC4_1 Pin=GC4-1
Removed Pin From Net: NetName=GND Pin=GC4-2
Removed Pin From Net: NetName=GND Pin=GQ1-2
Removed Pin From Net: NetName=NetGD2_2 Pin=GR4-2
Removed Pin From Net: NetName=GND Pin=GR6-1
Removed Pin From Net: NetName=GND Pin=UR4-2
Removed Pin From Net: NetName=GND Pin=UR6-2
Removed Pin From Net: NetName=GND Pin=UR7-2
Removed Pin From Net: NetName=GND Pin=UR8-2
Removed Member From Class: ClassName=Bemine-neo_SCH Member=GC1
Removed Member From Class: ClassName=Bemine-neo_SCH Member=GC2
Removed Member From Class: ClassName=Bemine-neo_SCH Member=GC3
Removed Member From Class: ClassName=Bemine-neo_SCH Member=GC4
Removed Member From Class: ClassName=Bemine-neo_SCH Member=GQ1
Removed Member From Class: ClassName=Bemine-neo_SCH Member=GR1
Removed Member From Class: ClassName=Bemine-neo_SCH Member=GR2
Removed Member From Class: ClassName=Bemine-neo_SCH Member=GR3
Removed Member From Class: ClassName=Bemine-neo_SCH Member=GR4
Removed Member From Class: ClassName=Bemine-neo_SCH Member=GR5
Removed Member From Class: ClassName=Bemine-neo_SCH Member=GR6
Removed Member From Class: ClassName=Bemine-neo_SCH Member=UR1
Removed Member From Class: ClassName=Bemine-neo_SCH Member=UR2
Removed Member From Class: ClassName=Bemine-neo_SCH Member=UR3
Removed Member From Class: ClassName=Bemine-neo_SCH Member=UR4
Removed Member From Class: ClassName=Bemine-neo_SCH Member=UR5
Removed Member From Class: ClassName=Bemine-neo_SCH Member=UR6
Removed Member From Class: ClassName=Bemine-neo_SCH Member=UR7
Removed Member From Class: ClassName=Bemine-neo_SCH Member=UR8
Added Component: Designator=C1(0603R-1k)
Added Component: Designator=C2(0603R-1k)
Added Component: Designator=C3(0603R-1k)
Added Component: Designator=C4(0603R-1k)
Added Component: Designator=C5(0603R-1k)
Added Component: Designator=R1(0603R-1k)
Added Component: Designator=R2(0603R-1k)
Added Component: Designator=R3(0603R-1k)
Added Component: Designator=R4(0603R-1k)
Added Component: Designator=R5(0603R-1k)
Added Component: Designator=R6(0603R-1k)
Added Component: Designator=R7(0603R-1k)
Added Component: Designator=R8(0603R-1k)
Added Component: Designator=U4(SOT23)
Added Pin To Net: NetName=NetGC4_1 Pin=C1-1
Added Pin To Net: NetName=GND Pin=C1-2
Added Pin To Net: NetName=GND Pin=C2-2
Added Pin To Net: NetName=GND Pin=C3-2
Added Pin To Net: NetName=GND Pin=C4-2
Added Pin To Net: NetName=GND Pin=C5-2
Added Pin To Net: NetName=GND Pin=R6-2
Added Pin To Net: NetName=GND Pin=R7-2
Added Pin To Net: NetName=GND Pin=U4-2
Added Pin To Net: NetName=NetGD2_2 Pin=U4-3
Change Net Name : Old Net Name=NetGC4_1 New Net Name=NetC1_1
Added Pin To Net: NetName=NetC2_1 Pin=C2-1
Added Pin To Net: NetName=NetC2_1 Pin=GD1-4
Added Pin To Net: NetName=NetC2_1 Pin=J2-C3
Added Pin To Net: NetName=NetC2_1 Pin=R3-1
Added Net: Name=NetC2_1
Added Pin To Net: NetName=NetC3_1 Pin=C3-1
Added Pin To Net: NetName=NetC3_1 Pin=GD1-3
Added Pin To Net: NetName=NetC3_1 Pin=J2-C7
Added Pin To Net: NetName=NetC3_1 Pin=R2-1
Added Net: Name=NetC3_1
Added Pin To Net: NetName=NetC4_1 Pin=C4-1
Added Pin To Net: NetName=NetC4_1 Pin=GD1-1
Added Pin To Net: NetName=NetC4_1 Pin=J2-C2
Added Pin To Net: NetName=NetC4_1 Pin=R1-1
Added Net: Name=NetC4_1
Added Pin To Net: NetName=NetC5_1 Pin=C5-1
Added Pin To Net: NetName=NetC5_1 Pin=R8-2
Added Pin To Net: NetName=NetC5_1 Pin=U4-4
Added Net: Name=NetC5_1
Added Pin To Net: NetName=NetR1_2 Pin=R1-2
Added Pin To Net: NetName=NetR1_2 Pin=U2-17
Added Net: Name=NetR1_2
Added Pin To Net: NetName=NetR2_2 Pin=R2-2
Added Pin To Net: NetName=NetR2_2 Pin=U2-15
Added Net: Name=NetR2_2
Added Pin To Net: NetName=NetR3_2 Pin=R3-2
Added Pin To Net: NetName=NetR3_2 Pin=U2-16
Added Net: Name=NetR3_2
Added Pin To Net: NetName=NetR4_1 Pin=R4-1
Added Pin To Net: NetName=NetR4_1 Pin=U2-2
Added Net: Name=NetR4_1
Added Pin To Net: NetName=NetR4_2 Pin=R4-2
Added Pin To Net: NetName=NetR4_2 Pin=R6-1
Added Net: Name=NetR4_2
Added Pin To Net: NetName=NetR5_1 Pin=R5-1
Added Pin To Net: NetName=NetR5_1 Pin=R7-1
Added Net: Name=NetR5_1
Added Pin To Net: NetName=NetR5_2 Pin=R5-2
Added Pin To Net: NetName=NetR5_2 Pin=U2-1
Added Net: Name=NetR5_2
Added Pin To Net: NetName=NetU2_41 Pin=U2-41
Added Pin To Net: NetName=NetU2_41 Pin=U4-1
Added Net: Name=NetU2_41
Added Member To Class: ClassName=Bemine-neo_SCH Member=Component C1 100nF
Added Member To Class: ClassName=Bemine-neo_SCH Member=Component C2 33pF
Added Member To Class: ClassName=Bemine-neo_SCH Member=Component C3 33pF
Added Member To Class: ClassName=Bemine-neo_SCH Member=Component C4 33pF
Added Member To Class: ClassName=Bemine-neo_SCH Member=Component C5 100nF
Added Member To Class: ClassName=Bemine-neo_SCH Member=Component R1 51
Added Member To Class: ClassName=Bemine-neo_SCH Member=Component R2 51
Added Member To Class: ClassName=Bemine-neo_SCH Member=Component R3 51
Added Member To Class: ClassName=Bemine-neo_SCH Member=Component R4 1K
Added Member To Class: ClassName=Bemine-neo_SCH Member=Component R5 1K
Added Member To Class: ClassName=Bemine-neo_SCH Member=Component R6 5.6K
Added Member To Class: ClassName=Bemine-neo_SCH Member=Component R7 5.6K
Added Member To Class: ClassName=Bemine-neo_SCH Member=Component R8 10K
Added Room: Name=Bemine-neo_SCH
